Info: 2019/10/28 10:55:18 GoAgenda fsq  register succeed!
Info: 2019/10/28 10:55:49 GoAgenda fsq  login succeed!
Info: 2019/10/28 11:04:17 GoAgenda fsq  logout succeed! 
Info: 2019/10/28 11:04:22 GoAgenda fsq2  register succeed!
Info: 2019/10/28 11:04:31 GoAgenda fsq  login succeed!
Info: 2019/10/28 11:04:44 GoAgenda fsq  cm succeed! ---title=test---participator=fsq2---starttime=2019-10-28/11:01:00---endtime=2019-10-28/12:00:00
Info: 2019/10/28 19:34:18 fsq  login succeed!
Info: 2019/10/28 19:34:24 fsq  login succeed!
Info: 2019/10/28 19:34:26 fsq  login succeed!
Info: 2019/10/28 19:42:57 fsq  login succeed!
Info: 2019/10/28 19:42:58 fsq  login succeed!
Info: 2019/10/28 19:42:59 fsq  login succeed!
Info: 2019/10/28 19:43:00 fsq  login succeed!
Info: 2019/10/28 19:55:02 fsq  login succeed!
Info: 2019/10/28 20:02:39 fsq  logout succeed! 
Info: 2019/10/28 20:10:21 fsq  login succeed!
Info: 2019/10/28 20:10:35 fsq  qryuser succeed!
Info: 2019/10/28 20:15:52 fsq  logout succeed! 
Info: 2019/10/28 21:06:46 fsq  login succeed!
Info: 2019/10/28 21:08:38 fsq  logout succeed! 
Info: 2019/10/28 21:21:19 fsq  login succeed!
Info: 2019/10/28 21:21:33 fsq  logout succeed! 
Info: 2019/10/28 23:49:30 fsq  login succeed!
Info: 2019/10/28 23:52:20 fsq  logout succeed! 
